# JRE version: OpenJDK Runtime Environment Temurin-21.0.11+10 (21.0.11+10) (build 21.0.11+10-LTS)
# Java VM: OpenJDK 64-Bit Server VM Temurin-21.0.11+10 (21.0.11+10-LTS, mixed mode, sharing, tiered, compressed oops, compressed class ptrs, parallel gc, windows-amd64)
GC Precious Log:
 CardTable entry size: 512
 CPUs: 8 total, 8 available
 Memory: 8067M
 Large Page Support: Disabled
 NUMA Support: Disabled
 Compressed Oops: Enabled (32-bit)
 Alignments: Space 512K, Generation 512K, Heap 2M
 Heap Min Capacity: 100M
 Heap Initial Capacity: 100M
 Heap Max Capacity: 2G
 Pre-touch: Disabled
 Parallel Workers: 8
Heap:
 PSYoungGen      total 14336K, used 2590K [0x00000000d5580000, 0x00000000d6800000, 0x0000000100000000)
  eden space 13312K, 11% used [0x00000000d5580000,0x00000000d570b7d0,0x00000000d6280000)
  from space 1024K, 98% used [0x00000000d6500000,0x00000000d65fc210,0x00000000d6600000)
  to   space 2560K, 0% used [0x00000000d6280000,0x00000000d6280000,0x00000000d6500000)
 ParOldGen       total 103424K, used 77743K [0x0000000080000000, 0x0000000086500000, 0x00000000d5580000)
  object space 103424K, 75% used [0x0000000080000000,0x0000000084bebf38,0x0000000086500000)
 Metaspace       used 61600K, committed 63104K, reserved 1114112K
  class space    used 6586K, committed 7232K, reserved 1048576K
GC Heap History (20 events):
Event: 30.393 GC heap before
{Heap before GC invocations=130 (full 2):
 PSYoungGen      total 15360K, used 15344K [0x00000000d5580000, 0x00000000d6800000, 0x0000000100000000)
  eden space 13824K, 100% used [0x00000000d5580000,0x00000000d6300000,0x00000000d6300000)
  from space 1536K, 98% used [0x00000000d6300000,0x00000000d647c010,0x00000000d6480000)
  to   space 2560K, 0% used [0x00000000d6580000,0x00000000d6580000,0x00000000d6800000)
 ParOldGen       total 99840K, used 99364K [0x0000000080000000, 0x0000000086180000, 0x00000000d5580000)
  object space 99840K, 99% used [0x0000000080000000,0x0000000086109060,0x0000000086180000)
 Metaspace       used 55388K, committed 56768K, reserved 1114112K
  class space    used 5905K, committed 6528K, reserved 1048576K
}
Event: 30.397 GC heap after
{Heap after GC invocations=130 (full 2):
 PSYoungGen      total 15872K, used 1536K [0x00000000d5580000, 0x00000000d6780000, 0x0000000100000000)
  eden space 13824K, 0% used [0x00000000d5580000,0x00000000d5580000,0x00000000d6300000)
  from space 2048K, 75% used [0x00000000d6580000,0x00000000d6700020,0x00000000d6780000)
  to   space 2048K, 0% used [0x00000000d6380000,0x00000000d6380000,0x00000000d6580000)
 ParOldGen       total 101376K, used 100868K [0x0000000080000000, 0x0000000086300000, 0x00000000d5580000)
  object space 101376K, 99% used [0x0000000080000000,0x0000000086281060,0x0000000086300000)
 Metaspace       used 55388K, committed 56768K, reserved 1114112K
  class space    used 5905K, committed 6528K, reserved 1048576K
}
Event: 30.776 GC heap before
{Heap before GC invocations=131 (full 2):
 PSYoungGen      total 15872K, used 15335K [0x00000000d5580000, 0x00000000d6780000, 0x0000000100000000)
  eden space 13824K, 99% used [0x00000000d5580000,0x00000000d62f9ed8,0x00000000d6300000)
  from space 2048K, 75% used [0x00000000d6580000,0x00000000d6700020,0x00000000d6780000)
  to   space 2048K, 0% used [0x00000000d6380000,0x00000000d6380000,0x00000000d6580000)
 ParOldGen       total 101376K, used 100868K [0x0000000080000000, 0x0000000086300000, 0x00000000d5580000)
  object space 101376K, 99% used [0x0000000080000000,0x0000000086281060,0x0000000086300000)
 Metaspace       used 57157K, committed 58560K, reserved 1114112K
  class space    used 6116K, committed 6720K, reserved 1048576K
}
Event: 30.781 GC heap after
{Heap after GC invocations=131 (full 2):
 PSYoungGen      total 14848K, used 931K [0x00000000d5580000, 0x00000000d6600000, 0x0000000100000000)
  eden space 13824K, 0% used [0x00000000d5580000,0x00000000d5580000,0x00000000d6300000)
  from space 1024K, 90% used [0x00000000d6380000,0x00000000d6468f38,0x00000000d6480000)
  to   space 1536K, 0% used [0x00000000d6480000,0x00000000d6480000,0x00000000d6600000)
 ParOldGen       total 102400K, used 102213K [0x0000000080000000, 0x0000000086400000, 0x00000000d5580000)
  object space 102400K, 99% used [0x0000000080000000,0x00000000863d1790,0x0000000086400000)
 Metaspace       used 57157K, committed 58560K, reserved 1114112K
  class space    used 6116K, committed 6720K, reserved 1048576K
}
Event: 31.849 GC heap before
{Heap before GC invocations=132 (full 2):
 PSYoungGen      total 14848K, used 14755K [0x00000000d5580000, 0x00000000d6600000, 0x0000000100000000)
  eden space 13824K, 100% used [0x00000000d5580000,0x00000000d6300000,0x00000000d6300000)
  from space 1024K, 90% used [0x00000000d6380000,0x00000000d6468f38,0x00000000d6480000)
  to   space 1536K, 0% used [0x00000000d6480000,0x00000000d6480000,0x00000000d6600000)
 ParOldGen       total 102400K, used 102213K [0x0000000080000000, 0x0000000086400000, 0x00000000d5580000)
  object space 102400K, 99% used [0x0000000080000000,0x00000000863d1790,0x0000000086400000)
 Metaspace       used 58029K, committed 59520K, reserved 1114112K
  class space    used 6204K, committed 6848K, reserved 1048576K
}
Event: 31.851 GC heap after
{Heap after GC invocations=132 (full 2):
 PSYoungGen      total 14336K, used 352K [0x00000000d5580000, 0x00000000d6500000, 0x0000000100000000)
  eden space 13824K, 0% used [0x00000000d5580000,0x00000000d5580000,0x00000000d6300000)
  from space 512K, 68% used [0x00000000d6480000,0x00000000d64d8000,0x00000000d6500000)
  to   space 1024K, 0% used [0x00000000d6300000,0x00000000d6300000,0x00000000d6400000)
 ParOldGen       total 103424K, used 103039K [0x0000000080000000, 0x0000000086500000, 0x00000000d5580000)
  object space 103424K, 99% used [0x0000000080000000,0x000000008649ffb8,0x0000000086500000)
 Metaspace       used 58029K, committed 59520K, reserved 1114112K
  class space    used 6204K, committed 6848K, reserved 1048576K
}
Event: 32.225 GC heap before
{Heap before GC invocations=133 (full 2):
 PSYoungGen      total 14336K, used 4437K [0x00000000d5580000, 0x00000000d6500000, 0x0000000100000000)
  eden space 13824K, 29% used [0x00000000d5580000,0x00000000d597d6d8,0x00000000d6300000)
  from space 512K, 68% used [0x00000000d6480000,0x00000000d64d8000,0x00000000d6500000)
  to   space 1024K, 0% used [0x00000000d6300000,0x00000000d6300000,0x00000000d6400000)
 ParOldGen       total 103424K, used 103039K [0x0000000080000000, 0x0000000086500000, 0x00000000d5580000)
  object space 103424K, 99% used [0x0000000080000000,0x000000008649ffb8,0x0000000086500000)
 Metaspace       used 58348K, committed 59776K, reserved 1114112K
  class space    used 6224K, committed 6848K, reserved 1048576K
}
Event: 32.227 GC heap after
{Heap after GC invocations=133 (full 2):
 PSYoungGen      total 14848K, used 224K [0x00000000d5580000, 0x00000000d6500000, 0x0000000100000000)
  eden space 13824K, 0% used [0x00000000d5580000,0x00000000d5580000,0x00000000d6300000)
  from space 1024K, 21% used [0x00000000d6300000,0x00000000d6338000,0x00000000d6400000)
  to   space 512K, 0% used [0x00000000d6480000,0x00000000d6480000,0x00000000d6500000)
 ParOldGen       total 103424K, used 103223K [0x0000000080000000, 0x0000000086500000, 0x00000000d5580000)
  object space 103424K, 99% used [0x0000000080000000,0x00000000864cdfb8,0x0000000086500000)
 Metaspace       used 58348K, committed 59776K, reserved 1114112K
  class space    used 6224K, committed 6848K, reserved 1048576K
}
Event: 32.227 GC heap before
{Heap before GC invocations=134 (full 3):
 PSYoungGen      total 14848K, used 224K [0x00000000d5580000, 0x00000000d6500000, 0x0000000100000000)
  eden space 13824K, 0% used [0x00000000d5580000,0x00000000d5580000,0x00000000d6300000)
  from space 1024K, 21% used [0x00000000d6300000,0x00000000d6338000,0x00000000d6400000)
  to   space 512K, 0% used [0x00000000d6480000,0x00000000d6480000,0x00000000d6500000)
 ParOldGen       total 103424K, used 103223K [0x0000000080000000, 0x0000000086500000, 0x00000000d5580000)
  object space 103424K, 99% used [0x0000000080000000,0x00000000864cdfb8,0x0000000086500000)
 Metaspace       used 58348K, committed 59776K, reserved 1114112K
  class space    used 6224K, committed 6848K, reserved 1048576K
}
Event: 32.486 GC heap after
{Heap after GC invocations=134 (full 3):
 PSYoungGen      total 14848K, used 0K [0x00000000d5580000, 0x00000000d6500000, 0x0000000100000000)
  eden space 13824K, 0% used [0x00000000d5580000,0x00000000d5580000,0x00000000d6300000)
  from space 1024K, 0% used [0x00000000d6300000,0x00000000d6300000,0x00000000d6400000)
  to   space 512K, 0% used [0x00000000d6480000,0x00000000d6480000,0x00000000d6500000)
 ParOldGen       total 103424K, used 74522K [0x0000000080000000, 0x0000000086500000, 0x00000000d5580000)
  object space 103424K, 72% used [0x0000000080000000,0x00000000848c68c0,0x0000000086500000)
 Metaspace       used 58343K, committed 59776K, reserved 1114112K
  class space    used 6223K, committed 6848K, reserved 1048576K
}
Event: 33.237 GC heap before
{Heap before GC invocations=135 (full 3):
 PSYoungGen      total 14848K, used 13824K [0x00000000d5580000, 0x00000000d6500000, 0x0000000100000000)
  eden space 13824K, 100% used [0x00000000d5580000,0x00000000d6300000,0x00000000d6300000)
  from space 1024K, 0% used [0x00000000d6300000,0x00000000d6300000,0x00000000d6400000)
  to   space 512K, 0% used [0x00000000d6480000,0x00000000d6480000,0x00000000d6500000)
 ParOldGen       total 103424K, used 74522K [0x0000000080000000, 0x0000000086500000, 0x00000000d5580000)
  object space 103424K, 72% used [0x0000000080000000,0x00000000848c68c0,0x0000000086500000)
 Metaspace       used 59169K, committed 60544K, reserved 1114112K
  class space    used 6300K, committed 6912K, reserved 1048576K
}
Event: 33.239 GC heap after
{Heap after GC invocations=135 (full 3):
 PSYoungGen      total 14336K, used 384K [0x00000000d5580000, 0x00000000d6500000, 0x0000000100000000)
  eden space 13824K, 0% used [0x00000000d5580000,0x00000000d5580000,0x00000000d6300000)
  from space 512K, 75% used [0x00000000d6480000,0x00000000d64e0000,0x00000000d6500000)
  to   space 512K, 0% used [0x00000000d6400000,0x00000000d6400000,0x00000000d6480000)
 ParOldGen       total 103424K, used 74530K [0x0000000080000000, 0x0000000086500000, 0x00000000d5580000)
  object space 103424K, 72% used [0x0000000080000000,0x00000000848c88c0,0x0000000086500000)
 Metaspace       used 59169K, committed 60544K, reserved 1114112K
  class space    used 6300K, committed 6912K, reserved 1048576K
}
Event: 33.798 GC heap before
{Heap before GC invocations=136 (full 3):
 PSYoungGen      total 14336K, used 14208K [0x00000000d5580000, 0x00000000d6500000, 0x0000000100000000)
  eden space 13824K, 100% used [0x00000000d5580000,0x00000000d6300000,0x00000000d6300000)
  from space 512K, 75% used [0x00000000d6480000,0x00000000d64e0000,0x00000000d6500000)
  to   space 512K, 0% used [0x00000000d6400000,0x00000000d6400000,0x00000000d6480000)
 ParOldGen       total 103424K, used 74530K [0x0000000080000000, 0x0000000086500000, 0x00000000d5580000)
  object space 103424K, 72% used [0x0000000080000000,0x00000000848c88c0,0x0000000086500000)
 Metaspace       used 60155K, committed 61568K, reserved 1114112K
  class space    used 6433K, committed 7040K, reserved 1048576K
}
Event: 33.801 GC heap after
{Heap after GC invocations=136 (full 3):
 PSYoungGen      total 14336K, used 512K [0x00000000d5580000, 0x00000000d6700000, 0x0000000100000000)
  eden space 13824K, 0% used [0x00000000d5580000,0x00000000d5580000,0x00000000d6300000)
  from space 512K, 100% used [0x00000000d6400000,0x00000000d6480000,0x00000000d6480000)
  to   space 2048K, 0% used [0x00000000d6500000,0x00000000d6500000,0x00000000d6700000)
 ParOldGen       total 103424K, used 75402K [0x0000000080000000, 0x0000000086500000, 0x00000000d5580000)
  object space 103424K, 72% used [0x0000000080000000,0x00000000849a28c0,0x0000000086500000)
 Metaspace       used 60155K, committed 61568K, reserved 1114112K
  class space    used 6433K, committed 7040K, reserved 1048576K
}
Event: 33.895 GC heap before
{Heap before GC invocations=137 (full 3):
 PSYoungGen      total 14336K, used 14272K [0x00000000d5580000, 0x00000000d6700000, 0x0000000100000000)
  eden space 13824K, 99% used [0x00000000d5580000,0x00000000d62f01a0,0x00000000d6300000)
  from space 512K, 100% used [0x00000000d6400000,0x00000000d6480000,0x00000000d6480000)
  to   space 2048K, 0% used [0x00000000d6500000,0x00000000d6500000,0x00000000d6700000)
 ParOldGen       total 103424K, used 75402K [0x0000000080000000, 0x0000000086500000, 0x00000000d5580000)
  object space 103424K, 72% used [0x0000000080000000,0x00000000849a28c0,0x0000000086500000)
 Metaspace       used 60248K, committed 61696K, reserved 1114112K
  class space    used 6444K, committed 7104K, reserved 1048576K
}
Event: 33.898 GC heap after
{Heap after GC invocations=137 (full 3):
 PSYoungGen      total 15360K, used 1024K [0x00000000d5580000, 0x00000000d6680000, 0x0000000100000000)
  eden space 13824K, 0% used [0x00000000d5580000,0x00000000d5580000,0x00000000d6300000)
  from space 1536K, 66% used [0x00000000d6500000,0x00000000d6600010,0x00000000d6680000)
  to   space 1536K, 0% used [0x00000000d6380000,0x00000000d6380000,0x00000000d6500000)
 ParOldGen       total 103424K, used 75922K [0x0000000080000000, 0x0000000086500000, 0x00000000d5580000)
  object space 103424K, 73% used [0x0000000080000000,0x0000000084a248c0,0x0000000086500000)
 Metaspace       used 60248K, committed 61696K, reserved 1114112K
  class space    used 6444K, committed 7104K, reserved 1048576K
}
Event: 34.190 GC heap before
{Heap before GC invocations=138 (full 3):
 PSYoungGen      total 15360K, used 14848K [0x00000000d5580000, 0x00000000d6680000, 0x0000000100000000)
  eden space 13824K, 100% used [0x00000000d5580000,0x00000000d6300000,0x00000000d6300000)
  from space 1536K, 66% used [0x00000000d6500000,0x00000000d6600010,0x00000000d6680000)
  to   space 1536K, 0% used [0x00000000d6380000,0x00000000d6380000,0x00000000d6500000)
 ParOldGen       total 103424K, used 75922K [0x0000000080000000, 0x0000000086500000, 0x00000000d5580000)
  object space 103424K, 73% used [0x0000000080000000,0x0000000084a248c0,0x0000000086500000)
 Metaspace       used 61052K, committed 62528K, reserved 1114112K
  class space    used 6537K, committed 7168K, reserved 1048576K
}
Event: 34.194 GC heap after
{Heap after GC invocations=138 (full 3):
 PSYoungGen      total 15360K, used 1279K [0x00000000d5580000, 0x00000000d6600000, 0x0000000100000000)
  eden space 13824K, 0% used [0x00000000d5580000,0x00000000d5580000,0x00000000d6300000)
  from space 1536K, 83% used [0x00000000d6380000,0x00000000d64bfdc8,0x00000000d6500000)
  to   space 1024K, 0% used [0x00000000d6500000,0x00000000d6500000,0x00000000d6600000)
 ParOldGen       total 103424K, used 76698K [0x0000000080000000, 0x0000000086500000, 0x00000000d5580000)
  object space 103424K, 74% used [0x0000000080000000,0x0000000084ae68e0,0x0000000086500000)
 Metaspace       used 61052K, committed 62528K, reserved 1114112K
  class space    used 6537K, committed 7168K, reserved 1048576K
}
Event: 42.694 GC heap before
{Heap before GC invocations=139 (full 3):
 PSYoungGen      total 15360K, used 15082K [0x00000000d5580000, 0x00000000d6600000, 0x0000000100000000)
  eden space 13824K, 99% used [0x00000000d5580000,0x00000000d62fab88,0x00000000d6300000)
  from space 1536K, 83% used [0x00000000d6380000,0x00000000d64bfdc8,0x00000000d6500000)
  to   space 1024K, 0% used [0x00000000d6500000,0x00000000d6500000,0x00000000d6600000)
 ParOldGen       total 103424K, used 76698K [0x0000000080000000, 0x0000000086500000, 0x00000000d5580000)
  object space 103424K, 74% used [0x0000000080000000,0x0000000084ae68e0,0x0000000086500000)
 Metaspace       used 61579K, committed 63104K, reserved 1114112K
  class space    used 6585K, committed 7232K, reserved 1048576K
}
Event: 42.697 GC heap after
{Heap after GC invocations=139 (full 3):
 PSYoungGen      total 14336K, used 1008K [0x00000000d5580000, 0x00000000d6800000, 0x0000000100000000)
  eden space 13312K, 0% used [0x00000000d5580000,0x00000000d5580000,0x00000000d6280000)
  from space 1024K, 98% used [0x00000000d6500000,0x00000000d65fc210,0x00000000d6600000)
  to   space 2560K, 0% used [0x00000000d6280000,0x00000000d6280000,0x00000000d6500000)
 ParOldGen       total 103424K, used 77743K [0x0000000080000000, 0x0000000086500000, 0x00000000d5580000)
  object space 103424K, 75% used [0x0000000080000000,0x0000000084bebf38,0x0000000086500000)
 Metaspace       used 61579K, committed 63104K, reserved 1114112K
  class space    used 6585K, committed 7232K, reserved 1048576K
}

